<?xml version="1.0" encoding="UTF-8"?>
<testsuite xmlns:xsi="http://www.w3.org/2001/XMLSchema-instance" xsi:noNamespaceSchemaLocation="https://maven.apache.org/surefire/maven-surefire-plugin/xsd/surefire-test-report-3.0.xsd" version="3.0" name="MainTest" time="0.044" tests="10" errors="0" skipped="0" failures="0">
  <properties>
[...]
</properties>
  <testcase name="decorateInstance" classname="MainTest" time="0.021"/>
  <testcase name="injectInterface" classname="MainTest" time="0.001"/>
  <testcase name="injectDefaultImplementationForInterface" classname="MainTest" time="0.003"/>
  <testcase name="injectNamedInstance" classname="MainTest" time="0.002"/>
  <testcase name="injectStringProperty" classname="MainTest" time="0.001"/>
  <testcase name="injectMissingDefaultImplementationForInterface" classname="MainTest" time="0.001"/>
  <testcase name="autoInject" classname="MainTest" time="0"/>
  <testcase name="injectInstance" classname="MainTest" time="0.001"/>
  <testcase name="initializer" classname="MainTest" time="0.002"/>
  <testcase name="constructorInject" classname="MainTest" time="0.001"/>
</testsuite>